Determining if the pthread_create exist failed with the following output:
Change Dir: /home/felix/Downloads/glbase/src/CMakeFiles/CMakeTmp

Run Build Command:/usr/bin/make "cmTryCompileExec3634000853/fast"
/usr/bin/make -f CMakeFiles/cmTryCompileExec3634000853.dir/build.make CMakeFiles/cmTryCompileExec3634000853.dir/build
make[1]: Entering directory `/home/felix/Downloads/glbase/src/CMakeFiles/CMakeTmp'
/usr/bin/cmake -E cmake_progress_report /home/felix/Downloads/glbase/src/CMakeFiles/CMakeTmp/CMakeFiles 1
Building C object CMakeFiles/cmTryCompileExec3634000853.dir/CheckSymbolExists.c.o
/usr/bin/cc    -o CMakeFiles/cmTryCompileExec3634000853.dir/CheckSymbolExists.c.o   -c /home/felix/Downloads/glbase/src/CMakeFiles/CMakeTmp/CheckSymbolExists.c
Linking C executable cmTryCompileExec3634000853
/usr/bin/cmake -E cmake_link_script CMakeFiles/cmTryCompileExec3634000853.dir/link.txt --verbose=1
/usr/bin/cc         CMakeFiles/cmTryCompileExec3634000853.dir/CheckSymbolExists.c.o  -o cmTryCompileExec3634000853 -rdynamic 
CMakeFiles/cmTryCompileExec3634000853.dir/CheckSymbolExists.c.o: In function `main':
CheckSymbolExists.c:(.text+0x16): undefined reference to `pthread_create'
collect2: error: ld returned 1 exit status
make[1]: *** [cmTryCompileExec3634000853] Error 1
make[1]: Leaving directory `/home/felix/Downloads/glbase/src/CMakeFiles/CMakeTmp'
make: *** [cmTryCompileExec3634000853/fast] Error 2

File /home/felix/Downloads/glbase/src/CMakeFiles/CMakeTmp/CheckSymbolExists.c:
/* */
#include <pthread.h>

int main(int argc, char** argv)
{
  (void)argv;
#ifndef pthread_create
  return ((int*)(&pthread_create))[argc];
#else
  (void)argc;
  return 0;
#endif
}

Determining if the function pthread_create exists in the pthreads failed with the following output:
Change Dir: /home/felix/Downloads/glbase/src/CMakeFiles/CMakeTmp

Run Build Command:/usr/bin/make "cmTryCompileExec1912240014/fast"
/usr/bin/make -f CMakeFiles/cmTryCompileExec1912240014.dir/build.make CMakeFiles/cmTryCompileExec1912240014.dir/build
make[1]: Entering directory `/home/felix/Downloads/glbase/src/CMakeFiles/CMakeTmp'
/usr/bin/cmake -E cmake_progress_report /home/felix/Downloads/glbase/src/CMakeFiles/CMakeTmp/CMakeFiles 1
Building C object CMakeFiles/cmTryCompileExec1912240014.dir/CheckFunctionExists.c.o
/usr/bin/cc   -DCHECK_FUNCTION_EXISTS=pthread_create   -o CMakeFiles/cmTryCompileExec1912240014.dir/CheckFunctionExists.c.o   -c /usr/share/cmake-2.8/Modules/CheckFunctionExists.c
Linking C executable cmTryCompileExec1912240014
/usr/bin/cmake -E cmake_link_script CMakeFiles/cmTryCompileExec1912240014.dir/link.txt --verbose=1
/usr/bin/cc     -DCHECK_FUNCTION_EXISTS=pthread_create    CMakeFiles/cmTryCompileExec1912240014.dir/CheckFunctionExists.c.o  -o cmTryCompileExec1912240014 -rdynamic -lpthreads 
/usr/bin/ld: cannot find -lpthreads
collect2: error: ld returned 1 exit status
make[1]: *** [cmTryCompileExec1912240014] Error 1
make[1]: Leaving directory `/home/felix/Downloads/glbase/src/CMakeFiles/CMakeTmp'
make: *** [cmTryCompileExec1912240014/fast] Error 2


Determining if the function glXGetProcAddressEXT exists failed with the following output:
Change Dir: /home/felix/Downloads/glbase/src/CMakeFiles/CMakeTmp

Run Build Command:/usr/bin/make "cmTryCompileExec1689459908/fast"
/usr/bin/make -f CMakeFiles/cmTryCompileExec1689459908.dir/build.make CMakeFiles/cmTryCompileExec1689459908.dir/build
make[1]: Entering directory `/home/felix/Downloads/glbase/src/CMakeFiles/CMakeTmp'
/usr/bin/cmake -E cmake_progress_report /home/felix/Downloads/glbase/src/CMakeFiles/CMakeTmp/CMakeFiles 1
Building C object CMakeFiles/cmTryCompileExec1689459908.dir/CheckFunctionExists.c.o
/usr/bin/cc   -DCHECK_FUNCTION_EXISTS=glXGetProcAddressEXT   -o CMakeFiles/cmTryCompileExec1689459908.dir/CheckFunctionExists.c.o   -c /usr/share/cmake-2.8/Modules/CheckFunctionExists.c
Linking C executable cmTryCompileExec1689459908
/usr/bin/cmake -E cmake_link_script CMakeFiles/cmTryCompileExec1689459908.dir/link.txt --verbose=1
/usr/bin/cc     -DCHECK_FUNCTION_EXISTS=glXGetProcAddressEXT    CMakeFiles/cmTryCompileExec1689459908.dir/CheckFunctionExists.c.o  -o cmTryCompileExec1689459908 -rdynamic -lGL 
CMakeFiles/cmTryCompileExec1689459908.dir/CheckFunctionExists.c.o: In function `main':
CheckFunctionExists.c:(.text+0x15): undefined reference to `glXGetProcAddressEXT'
collect2: error: ld returned 1 exit status
make[1]: *** [cmTryCompileExec1689459908] Error 1
make[1]: Leaving directory `/home/felix/Downloads/glbase/src/CMakeFiles/CMakeTmp'
make: *** [cmTryCompileExec1689459908/fast] Error 2


